Build started 25-May-14 3:08:59 PM.
     1>Project "E:\Microsoft Windows\Windows API\Toolkit\Toolkit\Toolkit.vcxproj" on node 2 (build target(s)).
     1>InitializeBuildStatus:
         Creating "Debug\Toolkit.unsuccessfulbuild" because "AlwaysCreate" was specified.
       ClCompile:
         C:\Program Files (x86)\Microsoft Visual Studio 10.0\VC\bin\CL.exe /c /ZI /nologo /W3 /WX- /Od /Oy- /D WIN32 /D _DEBUG /D _WINDOWS /D _UNICODE /D UNICODE /Gm /EHsc /RTC1 /MDd /GS /fp:precise /Zc:wchar_t /Zc:forScope /Fo"Debug\\" /Fd"Debug\vc100.pdb" /Gd /TP /analyze- /errorReport:prompt container.cpp containerxy.cpp horizontal_layout.cpp main.cpp mainloop.cpp push_button.cpp widget.cpp window.cpp
         mainloop.cpp
         main.cpp
         horizontal_layout.cpp
         Generating Code...
         Skipping... (no relevant changes detected)
         widget.cpp
         push_button.cpp
         containerxy.cpp
         container.cpp
         window.cpp
       ManifestResourceCompile:
         All outputs are up-to-date.
       Link:
         C:\Program Files (x86)\Microsoft Visual Studio 10.0\VC\bin\link.exe /ERRORREPORT:PROMPT /OUT:"E:\Microsoft Windows\Windows API\Toolkit\Debug\Toolkit.exe" /INCREMENTAL /NOLOGO kernel32.lib user32.lib gdi32.lib winspool.lib comdlg32.lib advapi32.lib shell32.lib ole32.lib oleaut32.lib uuid.lib odbc32.lib odbccp32.lib /MANIFEST /ManifestFile:"Debug\Toolkit.exe.intermediate.manifest" /MANIFESTUAC:"level='asInvoker' uiAccess='false'" /DEBUG /PDB:"E:\Microsoft Windows\Windows API\Toolkit\Debug\Toolkit.pdb" /SUBSYSTEM:WINDOWS /TLBID:1 /DYNAMICBASE /NXCOMPAT /IMPLIB:"E:\Microsoft Windows\Windows API\Toolkit\Debug\Toolkit.lib" /MACHINE:X86 Debug\Toolkit.exe.embed.manifest.res
         Debug\check_button.obj
         Debug\container.obj
         Debug\containerxy.obj
         Debug\horizontal_layout.obj
         Debug\layout.obj
         Debug\main.obj
         Debug\point.obj
         Debug\push_button.obj
         Debug\radio_button.obj
         Debug\widget.obj
         Debug\window.obj
         Debug\mainloop.obj
       Manifest:
         C:\Program Files (x86)\Microsoft SDKs\Windows\v7.0A\bin\mt.exe /nologo /verbose /out:"Debug\Toolkit.exe.embed.manifest" /manifest Debug\Toolkit.exe.intermediate.manifest
         All outputs are up-to-date.
       LinkEmbedManifest:
         All outputs are up-to-date.
         Toolkit.vcxproj -> E:\Microsoft Windows\Windows API\Toolkit\Debug\Toolkit.exe
       FinalizeBuildStatus:
         Deleting file "Debug\Toolkit.unsuccessfulbuild".
         Touching "Debug\Toolkit.lastbuildstate".
     1>Done Building Project "E:\Microsoft Windows\Windows API\Toolkit\Toolkit\Toolkit.vcxproj" (build target(s)).

Build succeeded.

Time Elapsed 00:00:28.80
